C:\Users\gomez\Downloads\SIG IA\backend\.venv\Lib\site-packages\pypdf\_crypt_providers\_cryptography.py:32: CryptographyDeprecationWarning: ARC4 has been moved to cryptography.hazmat.decrepit.ciphers.algorithms.ARC4 and will be removed from cryptography.hazmat.primitives.ciphers.algorithms in 48.0.0.
  from cryptography.hazmat.primitives.ciphers.algorithms import AES, ARC4
C:\Users\gomez\Downloads\SIG IA\backend\.venv\Lib\site-packages\gotrue\types.py:679: PydanticDeprecatedSince20: The `update_forward_refs` method is deprecated; use `model_rebuild` instead. Deprecated in Pydantic V2.0 to be removed in V3.0. See Pydantic V2 Migration Guide at https://errors.pydantic.dev/2.5/migration/
  model.update_forward_refs()
C:\Users\gomez\Downloads\SIG IA\backend\.venv\Lib\site-packages\pydantic\main.py:1262: PydanticDeprecatedSince20: The `update_forward_refs` method is deprecated; use `model_rebuild` instead. Deprecated in Pydantic V2.0 to be removed in V3.0. See Pydantic V2 Migration Guide at https://errors.pydantic.dev/2.5/migration/
  warnings.warn(
C:\Users\gomez\Downloads\SIG IA\backend\.venv\Lib\site-packages\gotrue\types.py:679: PydanticDeprecatedSince20: The `update_forward_refs` method is deprecated; use `model_rebuild` instead. Deprecated in Pydantic V2.0 to be removed in V3.0. See Pydantic V2 Migration Guide at https://errors.pydantic.dev/2.5/migration/
  model.update_forward_refs()
C:\Users\gomez\Downloads\SIG IA\backend\.venv\Lib\site-packages\pydantic\main.py:1262: PydanticDeprecatedSince20: The `update_forward_refs` method is deprecated; use `model_rebuild` instead. Deprecated in Pydantic V2.0 to be removed in V3.0. See Pydantic V2 Migration Guide at https://errors.pydantic.dev/2.5/migration/
  warnings.warn(
C:\Users\gomez\Downloads\SIG IA\backend\.venv\Lib\site-packages\gotrue\types.py:679: PydanticDeprecatedSince20: The `update_forward_refs` method is deprecated; use `model_rebuild` instead. Deprecated in Pydantic V2.0 to be removed in V3.0. See Pydantic V2 Migration Guide at https://errors.pydantic.dev/2.5/migration/
  model.update_forward_refs()
C:\Users\gomez\Downloads\SIG IA\backend\.venv\Lib\site-packages\pydantic\main.py:1262: PydanticDeprecatedSince20: The `update_forward_refs` method is deprecated; use `model_rebuild` instead. Deprecated in Pydantic V2.0 to be removed in V3.0. See Pydantic V2 Migration Guide at https://errors.pydantic.dev/2.5/migration/
  warnings.warn(
C:\Users\gomez\Downloads\SIG IA\backend\.venv\Lib\site-packages\gotrue\types.py:679: PydanticDeprecatedSince20: The `update_forward_refs` method is deprecated; use `model_rebuild` instead. Deprecated in Pydantic V2.0 to be removed in V3.0. See Pydantic V2 Migration Guide at https://errors.pydantic.dev/2.5/migration/
  model.update_forward_refs()
C:\Users\gomez\Downloads\SIG IA\backend\.venv\Lib\site-packages\pydantic\main.py:1262: PydanticDeprecatedSince20: The `update_forward_refs` method is deprecated; use `model_rebuild` instead. Deprecated in Pydantic V2.0 to be removed in V3.0. See Pydantic V2 Migration Guide at https://errors.pydantic.dev/2.5/migration/
  warnings.warn(
C:\Users\gomez\Downloads\SIG IA\backend\.venv\Lib\site-packages\gotrue\types.py:679: PydanticDeprecatedSince20: The `update_forward_refs` method is deprecated; use `model_rebuild` instead. Deprecated in Pydantic V2.0 to be removed in V3.0. See Pydantic V2 Migration Guide at https://errors.pydantic.dev/2.5/migration/
  model.update_forward_refs()
C:\Users\gomez\Downloads\SIG IA\backend\.venv\Lib\site-packages\pydantic\main.py:1262: PydanticDeprecatedSince20: The `update_forward_refs` method is deprecated; use `model_rebuild` instead. Deprecated in Pydantic V2.0 to be removed in V3.0. See Pydantic V2 Migration Guide at https://errors.pydantic.dev/2.5/migration/
  warnings.warn(
C:\Users\gomez\Downloads\SIG IA\backend\.venv\Lib\site-packages\gotrue\types.py:679: PydanticDeprecatedSince20: The `update_forward_refs` method is deprecated; use `model_rebuild` instead. Deprecated in Pydantic V2.0 to be removed in V3.0. See Pydantic V2 Migration Guide at https://errors.pydantic.dev/2.5/migration/
  model.update_forward_refs()
C:\Users\gomez\Downloads\SIG IA\backend\.venv\Lib\site-packages\pydantic\main.py:1262: PydanticDeprecatedSince20: The `update_forward_refs` method is deprecated; use `model_rebuild` instead. Deprecated in Pydantic V2.0 to be removed in V3.0. See Pydantic V2 Migration Guide at https://errors.pydantic.dev/2.5/migration/
  warnings.warn(
C:\Users\gomez\Downloads\SIG IA\backend\.venv\Lib\site-packages\gotrue\types.py:679: PydanticDeprecatedSince20: The `update_forward_refs` method is deprecated; use `model_rebuild` instead. Deprecated in Pydantic V2.0 to be removed in V3.0. See Pydantic V2 Migration Guide at https://errors.pydantic.dev/2.5/migration/
  model.update_forward_refs()
C:\Users\gomez\Downloads\SIG IA\backend\.venv\Lib\site-packages\pydantic\main.py:1262: PydanticDeprecatedSince20: The `update_forward_refs` method is deprecated; use `model_rebuild` instead. Deprecated in Pydantic V2.0 to be removed in V3.0. See Pydantic V2 Migration Guide at https://errors.pydantic.dev/2.5/migration/
  warnings.warn(
C:\Users\gomez\Downloads\SIG IA\backend\.venv\Lib\site-packages\gotrue\types.py:679: PydanticDeprecatedSince20: The `update_forward_refs` method is deprecated; use `model_rebuild` instead. Deprecated in Pydantic V2.0 to be removed in V3.0. See Pydantic V2 Migration Guide at https://errors.pydantic.dev/2.5/migration/
  model.update_forward_refs()
C:\Users\gomez\Downloads\SIG IA\backend\.venv\Lib\site-packages\pydantic\main.py:1262: PydanticDeprecatedSince20: The `update_forward_refs` method is deprecated; use `model_rebuild` instead. Deprecated in Pydantic V2.0 to be removed in V3.0. See Pydantic V2 Migration Guide at https://errors.pydantic.dev/2.5/migration/
  warnings.warn(
C:\Users\gomez\Downloads\SIG IA\backend\.venv\Lib\site-packages\gotrue\types.py:679: PydanticDeprecatedSince20: The `update_forward_refs` method is deprecated; use `model_rebuild` instead. Deprecated in Pydantic V2.0 to be removed in V3.0. See Pydantic V2 Migration Guide at https://errors.pydantic.dev/2.5/migration/
  model.update_forward_refs()
C:\Users\gomez\Downloads\SIG IA\backend\.venv\Lib\site-packages\pydantic\main.py:1262: PydanticDeprecatedSince20: The `update_forward_refs` method is deprecated; use `model_rebuild` instead. Deprecated in Pydantic V2.0 to be removed in V3.0. See Pydantic V2 Migration Guide at https://errors.pydantic.dev/2.5/migration/
  warnings.warn(
C:\Users\gomez\Downloads\SIG IA\backend\.venv\Lib\site-packages\gotrue\types.py:679: PydanticDeprecatedSince20: The `update_forward_refs` method is deprecated; use `model_rebuild` instead. Deprecated in Pydantic V2.0 to be removed in V3.0. See Pydantic V2 Migration Guide at https://errors.pydantic.dev/2.5/migration/
  model.update_forward_refs()
C:\Users\gomez\Downloads\SIG IA\backend\.venv\Lib\site-packages\pydantic\main.py:1262: PydanticDeprecatedSince20: The `update_forward_refs` method is deprecated; use `model_rebuild` instead. Deprecated in Pydantic V2.0 to be removed in V3.0. See Pydantic V2 Migration Guide at https://errors.pydantic.dev/2.5/migration/
  warnings.warn(
C:\Users\gomez\Downloads\SIG IA\backend\.venv\Lib\site-packages\gotrue\types.py:679: PydanticDeprecatedSince20: The `update_forward_refs` method is deprecated; use `model_rebuild` instead. Deprecated in Pydantic V2.0 to be removed in V3.0. See Pydantic V2 Migration Guide at https://errors.pydantic.dev/2.5/migration/
  model.update_forward_refs()
C:\Users\gomez\Downloads\SIG IA\backend\.venv\Lib\site-packages\pydantic\main.py:1262: PydanticDeprecatedSince20: The `update_forward_refs` method is deprecated; use `model_rebuild` instead. Deprecated in Pydantic V2.0 to be removed in V3.0. See Pydantic V2 Migration Guide at https://errors.pydantic.dev/2.5/migration/
  warnings.warn(
C:\Users\gomez\Downloads\SIG IA\backend\.venv\Lib\site-packages\gotrue\types.py:679: PydanticDeprecatedSince20: The `update_forward_refs` method is deprecated; use `model_rebuild` instead. Deprecated in Pydantic V2.0 to be removed in V3.0. See Pydantic V2 Migration Guide at https://errors.pydantic.dev/2.5/migration/
  model.update_forward_refs()
C:\Users\gomez\Downloads\SIG IA\backend\.venv\Lib\site-packages\pydantic\main.py:1262: PydanticDeprecatedSince20: The `update_forward_refs` method is deprecated; use `model_rebuild` instead. Deprecated in Pydantic V2.0 to be removed in V3.0. See Pydantic V2 Migration Guide at https://errors.pydantic.dev/2.5/migration/
  warnings.warn(
C:\Users\gomez\Downloads\SIG IA\backend\.venv\Lib\site-packages\gotrue\types.py:679: PydanticDeprecatedSince20: The `update_forward_refs` method is deprecated; use `model_rebuild` instead. Deprecated in Pydantic V2.0 to be removed in V3.0. See Pydantic V2 Migration Guide at https://errors.pydantic.dev/2.5/migration/
  model.update_forward_refs()
C:\Users\gomez\Downloads\SIG IA\backend\.venv\Lib\site-packages\pydantic\main.py:1262: PydanticDeprecatedSince20: The `update_forward_refs` method is deprecated; use `model_rebuild` instead. Deprecated in Pydantic V2.0 to be removed in V3.0. See Pydantic V2 Migration Guide at https://errors.pydantic.dev/2.5/migration/
  warnings.warn(
C:\Users\gomez\Downloads\SIG IA\backend\.venv\Lib\site-packages\gotrue\types.py:679: PydanticDeprecatedSince20: The `update_forward_refs` method is deprecated; use `model_rebuild` instead. Deprecated in Pydantic V2.0 to be removed in V3.0. See Pydantic V2 Migration Guide at https://errors.pydantic.dev/2.5/migration/
  model.update_forward_refs()
C:\Users\gomez\Downloads\SIG IA\backend\.venv\Lib\site-packages\pydantic\main.py:1262: PydanticDeprecatedSince20: The `update_forward_refs` method is deprecated; use `model_rebuild` instead. Deprecated in Pydantic V2.0 to be removed in V3.0. See Pydantic V2 Migration Guide at https://errors.pydantic.dev/2.5/migration/
  warnings.warn(
C:\Users\gomez\Downloads\SIG IA\backend\.venv\Lib\site-packages\gotrue\types.py:679: PydanticDeprecatedSince20: The `update_forward_refs` method is deprecated; use `model_rebuild` instead. Deprecated in Pydantic V2.0 to be removed in V3.0. See Pydantic V2 Migration Guide at https://errors.pydantic.dev/2.5/migration/
  model.update_forward_refs()
C:\Users\gomez\Downloads\SIG IA\backend\.venv\Lib\site-packages\pydantic\main.py:1262: PydanticDeprecatedSince20: The `update_forward_refs` method is deprecated; use `model_rebuild` instead. Deprecated in Pydantic V2.0 to be removed in V3.0. See Pydantic V2 Migration Guide at https://errors.pydantic.dev/2.5/migration/
  warnings.warn(
C:\Users\gomez\Downloads\SIG IA\backend\.venv\Lib\site-packages\gotrue\types.py:679: PydanticDeprecatedSince20: The `update_forward_refs` method is deprecated; use `model_rebuild` instead. Deprecated in Pydantic V2.0 to be removed in V3.0. See Pydantic V2 Migration Guide at https://errors.pydantic.dev/2.5/migration/
  model.update_forward_refs()
C:\Users\gomez\Downloads\SIG IA\backend\.venv\Lib\site-packages\pydantic\main.py:1262: PydanticDeprecatedSince20: The `update_forward_refs` method is deprecated; use `model_rebuild` instead. Deprecated in Pydantic V2.0 to be removed in V3.0. See Pydantic V2 Migration Guide at https://errors.pydantic.dev/2.5/migration/
  warnings.warn(
C:\Users\gomez\Downloads\SIG IA\backend\.venv\Lib\site-packages\gotrue\types.py:679: PydanticDeprecatedSince20: The `update_forward_refs` method is deprecated; use `model_rebuild` instead. Deprecated in Pydantic V2.0 to be removed in V3.0. See Pydantic V2 Migration Guide at https://errors.pydantic.dev/2.5/migration/
  model.update_forward_refs()
C:\Users\gomez\Downloads\SIG IA\backend\.venv\Lib\site-packages\pydantic\main.py:1262: PydanticDeprecatedSince20: The `update_forward_refs` method is deprecated; use `model_rebuild` instead. Deprecated in Pydantic V2.0 to be removed in V3.0. See Pydantic V2 Migration Guide at https://errors.pydantic.dev/2.5/migration/
  warnings.warn(
C:\Users\gomez\Downloads\SIG IA\backend\.venv\Lib\site-packages\gotrue\types.py:679: PydanticDeprecatedSince20: The `update_forward_refs` method is deprecated; use `model_rebuild` instead. Deprecated in Pydantic V2.0 to be removed in V3.0. See Pydantic V2 Migration Guide at https://errors.pydantic.dev/2.5/migration/
  model.update_forward_refs()
C:\Users\gomez\Downloads\SIG IA\backend\.venv\Lib\site-packages\pydantic\main.py:1262: PydanticDeprecatedSince20: The `update_forward_refs` method is deprecated; use `model_rebuild` instead. Deprecated in Pydantic V2.0 to be removed in V3.0. See Pydantic V2 Migration Guide at https://errors.pydantic.dev/2.5/migration/
  warnings.warn(
C:\Users\gomez\Downloads\SIG IA\backend\.venv\Lib\site-packages\gotrue\types.py:679: PydanticDeprecatedSince20: The `update_forward_refs` method is deprecated; use `model_rebuild` instead. Deprecated in Pydantic V2.0 to be removed in V3.0. See Pydantic V2 Migration Guide at https://errors.pydantic.dev/2.5/migration/
  model.update_forward_refs()
C:\Users\gomez\Downloads\SIG IA\backend\.venv\Lib\site-packages\pydantic\main.py:1262: PydanticDeprecatedSince20: The `update_forward_refs` method is deprecated; use `model_rebuild` instead. Deprecated in Pydantic V2.0 to be removed in V3.0. See Pydantic V2 Migration Guide at https://errors.pydantic.dev/2.5/migration/
  warnings.warn(
INFO:     Started server process [20820]
INFO:     Waiting for application startup.
INFO:     Application startup complete.
INFO:     Uvicorn running on http://0.0.0.0:8000 (Press CTRL+C to quit)
[WARNING] (trapped) error reading bcrypt version
Traceback (most recent call last):
  File "C:\Users\gomez\Downloads\SIG IA\backend\.venv\Lib\site-packages\passlib\handlers\bcrypt.py", line 620, in _load_backend_mixin
    version = _bcrypt.__about__.__version__
              ^^^^^^^^^^^^^^^^^
AttributeError: module 'bcrypt' has no attribute '__about__'
INFO:     Iniciando la aplicación...
INFO:     Conexión a la base de datos establecida.
INFO:     127.0.0.1:56571 - "POST /api/auth/login HTTP/1.1" 200 OK
INFO:     127.0.0.1:56571 - "OPTIONS /api/auth/me HTTP/1.1" 200 OK
INFO:     127.0.0.1:56571 - "GET /api/auth/me HTTP/1.1" 200 OK
INFO:     127.0.0.1:56571 - "OPTIONS /api/files HTTP/1.1" 200 OK
INFO:     127.0.0.1:56571 - "GET /api/files HTTP/1.1" 200 OK
INFO:     127.0.0.1:64158 - "POST /files/compress-files HTTP/1.1" 200 OK
INFO:     127.0.0.1:64158 - "POST /api/files HTTP/1.1" 201 Created
INFO:     127.0.0.1:59677 - "GET /docs HTTP/1.1" 200 OK
INFO:     127.0.0.1:59677 - "GET /openapi.json HTTP/1.1" 200 OK
ion/
  warnings.warn(
C:\Users\gomez\Downloads\SIG IA\backend\.venv\Lib\site-packages\gotrue\types.py:679: PydanticDeprecatedSince20: The `update_forward_refs` method is deprecated; use `model_rebuild` instead. Deprecated in Pydantic V2.0 to be removed in V3.0. See Pydantic V2 Migration Guide at https://errors.pydantic.dev/2.5/migration/
  model.update_forward_refs()
C:\Users\gomez\Downloads\SIG IA\backend\.venv\Lib\site-packages\pydantic\main.py:1262: PydanticDeprecatedSince20: The `update_forward_refs` method is deprecated; use `model_rebuild` instead. Deprecated in Pydantic V2.0 to be removed in V3.0. See Pydantic V2 Migration Guide at https://errors.pydantic.dev/2.5/migration/
  warnings.warn(
C:\Users\gomez\Downloads\SIG IA\backend\.venv\Lib\site-packages\gotrue\types.py:679: PydanticDeprecatedSince20: The `update_forward_refs` method is deprecated; use `model_rebuild` instead. Deprecated in Pydantic V2.0 to be removed in V3.0. See Pydantic V2 Migration Guide at https://errors.pydantic.dev/2.5/migration/
  model.update_forward_refs()
C:\Users\gomez\Downloads\SIG IA\backend\.venv\Lib\site-packages\pydantic\main.py:1262: PydanticDeprecatedSince20: The `update_forward_refs` method is deprecated; use `model_rebuild` instead. Deprecated in Pydantic V2.0 to be removed in V3.0. See Pydantic V2 Migration Guide at https://errors.pydantic.dev/2.5/migration/
  warnings.warn(
C:\Users\gomez\Downloads\SIG IA\backend\.venv\Lib\site-packages\gotrue\types.py:679: PydanticDeprecatedSince20: The `update_forward_refs` method is deprecated; use `model_rebuild` instead. Deprecated in Pydantic V2.0 to be removed in V3.0. See Pydantic V2 Migration Guide at https://errors.pydantic.dev/2.5/migration/
  model.update_forward_refs()
C:\Users\gomez\Downloads\SIG IA\backend\.venv\Lib\site-packages\pydantic\main.py:1262: PydanticDeprecatedSince20: The `update_forward_refs` method is deprecated; use `model_rebuild` instead. Deprecated in Pydantic V2.0 to be removed in V3.0. See Pydantic V2 Migration Guide at https://errors.pydantic.dev/2.5/migration/
  warnings.warn(
C:\Users\gomez\Downloads\SIG IA\backend\.venv\Lib\site-packages\gotrue\types.py:679: PydanticDeprecatedSince20: The `update_forward_refs` method is deprecated; use `model_rebuild` instead. Deprecated in Pydantic V2.0 to be removed in V3.0. See Pydantic V2 Migration Guide at https://errors.pydantic.dev/2.5/migration/
  model.update_forward_refs()
C:\Users\gomez\Downloads\SIG IA\backend\.venv\Lib\site-packages\pydantic\main.py:1262: PydanticDeprecatedSince20: The `update_forward_refs` method is deprecated; use `model_rebuild` instead. Deprecated in Pydantic V2.0 to be removed in V3.0. See Pydantic V2 Migration Guide at https://errors.pydantic.dev/2.5/migration/
  warnings.warn(
C:\Users\gomez\Downloads\SIG IA\backend\.venv\Lib\site-packages\gotrue\types.py:679: PydanticDeprecatedSince20: The `update_forward_refs` method is deprecated; use `model_rebuild` instead. Deprecated in Pydantic V2.0 to be removed in V3.0. See Pydantic V2 Migration Guide at https://errors.pydantic.dev/2.5/migration/
  model.update_forward_refs()
C:\Users\gomez\Downloads\SIG IA\backend\.venv\Lib\site-packages\pydantic\main.py:1262: PydanticDeprecatedSince20: The `update_forward_refs` method is deprecated; use `model_rebuild` instead. Deprecated in Pydantic V2.0 to be removed in V3.0. See Pydantic V2 Migration Guide at https://errors.pydantic.dev/2.5/migration/
  warnings.warn(
C:\Users\gomez\Downloads\SIG IA\backend\.venv\Lib\site-packages\gotrue\types.py:679: PydanticDeprecatedSince20: The `update_forward_refs` method is deprecated; use `model_rebuild` instead. Deprecated in Pydantic V2.0 to be removed in V3.0. See Pydantic V2 Migration Guide at https://errors.pydantic.dev/2.5/migration/
  model.update_forward_refs()
C:\Users\gomez\Downloads\SIG IA\backend\.venv\Lib\site-packages\pydantic\main.py:1262: PydanticDeprecatedSince20: The `update_forward_refs` method is deprecated; use `model_rebuild` instead. Deprecated in Pydantic V2.0 to be removed in V3.0. See Pydantic V2 Migration Guide at https://errors.pydantic.dev/2.5/migration/
  warnings.warn(
C:\Users\gomez\Downloads\SIG IA\backend\.venv\Lib\site-packages\gotrue\types.py:679: PydanticDeprecatedSince20: The `update_forward_refs` method is deprecated; use `model_rebuild` instead. Deprecated in Pydantic V2.0 to be removed in V3.0. See Pydantic V2 Migration Guide at https://errors.pydantic.dev/2.5/migration/
  model.update_forward_refs()
C:\Users\gomez\Downloads\SIG IA\backend\.venv\Lib\site-packages\pydantic\main.py:1262: PydanticDeprecatedSince20: The `update_forward_refs` method is deprecated; use `model_rebuild` instead. Deprecated in Pydantic V2.0 to be removed in V3.0. See Pydantic V2 Migration Guide at https://errors.pydantic.dev/2.5/migration/
  warnings.warn(
C:\Users\gomez\Downloads\SIG IA\backend\.venv\Lib\site-packages\gotrue\types.py:679: PydanticDeprecatedSince20: The `update_forward_refs` method is deprecated; use `model_rebuild` instead. Deprecated in Pydantic V2.0 to be removed in V3.0. See Pydantic V2 Migration Guide at https://errors.pydantic.dev/2.5/migration/
  model.update_forward_refs()
C:\Users\gomez\Downloads\SIG IA\backend\.venv\Lib\site-packages\pydantic\main.py:1262: PydanticDeprecatedSince20: The `update_forward_refs` method is deprecated; use `model_rebuild` instead. Deprecated in Pydantic V2.0 to be removed in V3.0. See Pydantic V2 Migration Guide at https://errors.pydantic.dev/2.5/migration/
  warnings.warn(
C:\Users\gomez\Downloads\SIG IA\backend\.venv\Lib\site-packages\gotrue\types.py:679: PydanticDeprecatedSince20: The `update_forward_refs` method is deprecated; use `model_rebuild` instead. Deprecated in Pydantic V2.0 to be removed in V3.0. See Pydantic V2 Migration Guide at https://errors.pydantic.dev/2.5/migration/
  model.update_forward_refs()
C:\Users\gomez\Downloads\SIG IA\backend\.venv\Lib\site-packages\pydantic\main.py:1262: PydanticDeprecatedSince20: The `update_forward_refs` method is deprecated; use `model_rebuild` instead. Deprecated in Pydantic V2.0 to be removed in V3.0. See Pydantic V2 Migration Guide at https://errors.pydantic.dev/2.5/migration/
  warnings.warn(
C:\Users\gomez\Downloads\SIG IA\backend\.venv\Lib\site-packages\gotrue\types.py:679: PydanticDeprecatedSince20: The `update_forward_refs` method is deprecated; use `model_rebuild` instead. Deprecated in Pydantic V2.0 to be removed in V3.0. See Pydantic V2 Migration Guide at https://errors.pydantic.dev/2.5/migration/
  model.update_forward_refs()
C:\Users\gomez\Downloads\SIG IA\backend\.venv\Lib\site-packages\pydantic\main.py:1262: PydanticDeprecatedSince20: The `update_forward_refs` method is deprecated; use `model_rebuild` instead. Deprecated in Pydantic V2.0 to be removed in V3.0. See Pydantic V2 Migration Guide at https://errors.pydantic.dev/2.5/migration/
  warnings.warn(
C:\Users\gomez\Downloads\SIG IA\backend\.venv\Lib\site-packages\gotrue\types.py:679: PydanticDeprecatedSince20: The `update_forward_refs` method is deprecated; use `model_rebuild` instead. Deprecated in Pydantic V2.0 to be removed in V3.0. See Pydantic V2 Migration Guide at https://errors.pydantic.dev/2.5/migration/
  model.update_forward_refs()
C:\Users\gomez\Downloads\SIG IA\backend\.venv\Lib\site-packages\pydantic\main.py:1262: PydanticDeprecatedSince20: The `update_forward_refs` method is deprecated; use `model_rebuild` instead. Deprecated in Pydantic V2.0 to be removed in V3.0. See Pydantic V2 Migration Guide at https://errors.pydantic.dev/2.5/migration/
  warnings.warn(
C:\Users\gomez\Downloads\SIG IA\backend\.venv\Lib\site-packages\gotrue\types.py:679: PydanticDeprecatedSince20: The `update_forward_refs` method is deprecated; use `model_rebuild` instead. Deprecated in Pydantic V2.0 to be removed in V3.0. See Pydantic V2 Migration Guide at https://errors.pydantic.dev/2.5/migration/
  model.update_forward_refs()
C:\Users\gomez\Downloads\SIG IA\backend\.venv\Lib\site-packages\pydantic\main.py:1262: PydanticDeprecatedSince20: The `update_forward_refs` method is deprecated; use `model_rebuild` instead. Deprecated in Pydantic V2.0 to be removed in V3.0. See Pydantic V2 Migration Guide at https://errors.pydantic.dev/2.5/migration/
  warnings.warn(
C:\Users\gomez\Downloads\SIG IA\backend\.venv\Lib\site-packages\gotrue\types.py:679: PydanticDeprecatedSince20: The `update_forward_refs` method is deprecated; use `model_rebuild` instead. Deprecated in Pydantic V2.0 to be removed in V3.0. See Pydantic V2 Migration Guide at https://errors.pydantic.dev/2.5/migration/
  model.update_forward_refs()
C:\Users\gomez\Downloads\SIG IA\backend\.venv\Lib\site-packages\pydantic\main.py:1262: PydanticDeprecatedSince20: The `update_forward_refs` method is deprecated; use `model_rebuild` instead. Deprecated in Pydantic V2.0 to be removed in V3.0. See Pydantic V2 Migration Guide at https://errors.pydantic.dev/2.5/migration/
  warnings.warn(
C:\Users\gomez\Downloads\SIG IA\backend\.venv\Lib\site-packages\gotrue\types.py:679: PydanticDeprecatedSince20: The `update_forward_refs` method is deprecated; use `model_rebuild` instead. Deprecated in Pydantic V2.0 to be removed in V3.0. See Pydantic V2 Migration Guide at https://errors.pydantic.dev/2.5/migration/
  model.update_forward_refs()
C:\Users\gomez\Downloads\SIG IA\backend\.venv\Lib\site-packages\pydantic\main.py:1262: PydanticDeprecatedSince20: The `update_forward_refs` method is deprecated; use `model_rebuild` instead. Deprecated in Pydantic V2.0 to be removed in V3.0. See Pydantic V2 Migration Guide at https://errors.pydantic.dev/2.5/migration/
  warnings.warn(
C:\Users\gomez\Downloads\SIG IA\backend\.venv\Lib\site-packages\gotrue\types.py:679: PydanticDeprecatedSince20: The `update_forward_refs` method is deprecated; use `model_rebuild` instead. Deprecated in Pydantic V2.0 to be removed in V3.0. See Pydantic V2 Migration Guide at https://errors.pydantic.dev/2.5/migration/
  model.update_forward_refs()
C:\Users\gomez\Downloads\SIG IA\backend\.venv\Lib\site-packages\pydantic\main.py:1262: PydanticDeprecatedSince20: The `update_forward_refs` method is deprecated; use `model_rebuild` instead. Deprecated in Pydantic V2.0 to be removed in V3.0. See Pydantic V2 Migration Guide at https://errors.pydantic.dev/2.5/migration/
  warnings.warn(
C:\Users\gomez\Downloads\SIG IA\backend\.venv\Lib\site-packages\gotrue\types.py:679: PydanticDeprecatedSince20: The `update_forward_refs` method is deprecated; use `model_rebuild` instead. Deprecated in Pydantic V2.0 to be removed in V3.0. See Pydantic V2 Migration Guide at https://errors.pydantic.dev/2.5/migration/
  model.update_forward_refs()
C:\Users\gomez\Downloads\SIG IA\backend\.venv\Lib\site-packages\pydantic\main.py:1262: PydanticDeprecatedSince20: The `update_forward_refs` method is deprecated; use `model_rebuild` instead. Deprecated in Pydantic V2.0 to be removed in V3.0. See Pydantic V2 Migration Guide at https://errors.pydantic.dev/2.5/migration/
  warnings.warn(
C:\Users\gomez\Downloads\SIG IA\backend\.venv\Lib\site-packages\gotrue\types.py:679: PydanticDeprecatedSince20: The `update_forward_refs` method is deprecated; use `model_rebuild` instead. Deprecated in Pydantic V2.0 to be removed in V3.0. See Pydantic V2 Migration Guide at https://errors.pydantic.dev/2.5/migration/
  model.update_forward_refs()
C:\Users\gomez\Downloads\SIG IA\backend\.venv\Lib\site-packages\pydantic\main.py:1262: PydanticDeprecatedSince20: The `update_forward_refs` method is deprecated; use `model_rebuild` instead. Deprecated in Pydantic V2.0 to be removed in V3.0. See Pydantic V2 Migration Guide at https://errors.pydantic.dev/2.5/migration/
  warnings.warn(
C:\Users\gomez\Downloads\SIG IA\backend\.venv\Lib\site-packages\gotrue\types.py:679: PydanticDeprecatedSince20: The `update_forward_refs` method is deprecated; use `model_rebuild` instead. Deprecated in Pydantic V2.0 to be removed in V3.0. See Pydantic V2 Migration Guide at https://errors.pydantic.dev/2.5/migration/
  model.update_forward_refs()
C:\Users\gomez\Downloads\SIG IA\backend\.venv\Lib\site-packages\pydantic\main.py:1262: PydanticDeprecatedSince20: The `update_forward_refs` method is deprecated; use `model_rebuild` instead. Deprecated in Pydantic V2.0 to be removed in V3.0. See Pydantic V2 Migration Guide at https://errors.pydantic.dev/2.5/migration/
  warnings.warn(
INFO:     Started server process [21032]
INFO:     Waiting for application startup.
INFO:     Application startup complete.
ERROR:    [Errno 10048] error while attempting to bind on address ('0.0.0.0', 8000): solo se permite un uso de cada dirección de socket (protocolo/dirección de red/puerto)
INFO:     Waiting for application shutdown.
INFO:     Application shutdown complete.
INFO:     Iniciando la aplicación...
INFO:     Conexión a la base de datos establecida.
INFO:     Apagando la aplicación...
INFO:     Conexión a la base de datos cerrada.
sys:1: DeprecationWarning: builtin type swigvarlink has no __module__ attribute
C:\Users\gomez\Downloads\SIG IA\backend\.venv\Lib\site-packages\pypdf\_crypt_providers\_cryptography.py:32: CryptographyDeprecationWarning: ARC4 has been moved to cryptography.hazmat.decrepit.ciphers.algorithms.ARC4 and will be removed from cryptography.hazmat.primitives.ciphers.algorithms in 48.0.0.
  from cryptography.hazmat.primitives.ciphers.algorithms import AES, ARC4
C:\Users\gomez\Downloads\SIG IA\backend\.venv\Lib\site-packages\gotrue\types.py:679: PydanticDeprecatedSince20: The `update_forward_refs` method is deprecated; use `model_rebuild` instead. Deprecated in Pydantic V2.0 to be removed in V3.0. See Pydantic V2 Migration Guide at https://errors.pydantic.dev/2.5/migration/
  model.update_forward_refs()
C:\Users\gomez\Downloads\SIG IA\backend\.venv\Lib\site-packages\pydantic\main.py:1262: PydanticDeprecatedSince20: The `update_forward_refs` method is deprecated; use `model_rebuild` instead. Deprecated in Pydantic V2.0 to be removed in V3.0. See Pydantic V2 Migration Guide at https://errors.pydantic.dev/2.5/migration/
  warnings.warn(
C:\Users\gomez\Downloads\SIG IA\backend\.venv\Lib\site-packages\gotrue\types.py:679: PydanticDeprecatedSince20: The `update_forward_refs` method is deprecated; use `model_rebuild` instead. Deprecated in Pydantic V2.0 to be removed in V3.0. See Pydantic V2 Migration Guide at https://errors.pydantic.dev/2.5/migration/
  model.update_forward_refs()
C:\Users\gomez\Downloads\SIG IA\backend\.venv\Lib\site-packages\pydantic\main.py:1262: PydanticDeprecatedSince20: The `update_forward_refs` method is deprecated; use `model_rebuild` instead. Deprecated in Pydantic V2.0 to be removed in V3.0. See Pydantic V2 Migration Guide at https://errors.pydantic.dev/2.5/migration/
  warnings.warn(
C:\Users\gomez\Downloads\SIG IA\backend\.venv\Lib\site-packages\gotrue\types.py:679: PydanticDeprecatedSince20: The `update_forward_refs` method is deprecated; use `model_rebuild` instead. Deprecated in Pydantic V2.0 to be removed in V3.0. See Pydantic V2 Migration Guide at https://errors.pydantic.dev/2.5/migration/
  model.update_forward_refs()
C:\Users\gomez\Downloads\SIG IA\backend\.venv\Lib\site-packages\pydantic\main.py:1262: PydanticDeprecatedSince20: The `update_forward_refs` method is deprecated; use `model_rebuild` instead. Deprecated in Pydantic V2.0 to be removed in V3.0. See Pydantic V2 Migration Guide at https://errors.pydantic.dev/2.5/migration/
  warnings.warn(
C:\Users\gomez\Downloads\SIG IA\backend\.venv\Lib\site-packages\gotrue\types.py:679: PydanticDeprecatedSince20: The `update_forward_refs` method is deprecated; use `model_rebuild` instead. Deprecated in Pydantic V2.0 to be removed in V3.0. See Pydantic V2 Migration Guide at https://errors.pydantic.dev/2.5/migration/
  model.update_forward_refs()
C:\Users\gomez\Downloads\SIG IA\backend\.venv\Lib\site-packages\pydantic\main.py:1262: PydanticDeprecatedSince20: The `update_forward_refs` method is deprecated; use `model_rebuild` instead. Deprecated in Pydantic V2.0 to be removed in V3.0. See Pydantic V2 Migration Guide at https://errors.pydantic.dev/2.5/migration/
  warnings.warn(
C:\Users\gomez\Downloads\SIG IA\backend\.venv\Lib\site-packages\gotrue\types.py:679: PydanticDeprecatedSince20: The `update_forward_refs` method is deprecated; use `model_rebuild` instead. Deprecated in Pydantic V2.0 to be removed in V3.0. See Pydantic V2 Migration Guide at https://errors.pydantic.dev/2.5/migration/
  model.update_forward_refs()
C:\Users\gomez\Downloads\SIG IA\backend\.venv\Lib\site-packages\pydantic\main.py:1262: PydanticDeprecatedSince20: The `update_forward_refs` method is deprecated; use `model_rebuild` instead. Deprecated in Pydantic V2.0 to be removed in V3.0. See Pydantic V2 Migration Guide at https://errors.pydantic.dev/2.5/migration/
  warnings.warn(
C:\Users\gomez\Downloads\SIG IA\backend\.venv\Lib\site-packages\gotrue\types.py:679: PydanticDeprecatedSince20: The `update_forward_refs` method is deprecated; use `model_rebuild` instead. Deprecated in Pydantic V2.0 to be removed in V3.0. See Pydantic V2 Migration Guide at https://errors.pydantic.dev/2.5/migration/
  model.update_forward_refs()
C:\Users\gomez\Downloads\SIG IA\backend\.venv\Lib\site-packages\pydantic\main.py:1262: PydanticDeprecatedSince20: The `update_forward_refs` method is deprecated; use `model_rebuild` instead. Deprecated in Pydantic V2.0 to be removed in V3.0. See Pydantic V2 Migration Guide at https://errors.pydantic.dev/2.5/migration/
  warnings.warn(
C:\Users\gomez\Downloads\SIG IA\backend\.venv\Lib\site-packages\gotrue\types.py:679: PydanticDeprecatedSince20: The `update_forward_refs` method is deprecated; use `model_rebuild` instead. Deprecated in Pydantic V2.0 to be removed in V3.0. See Pydantic V2 Migration Guide at https://errors.pydantic.dev/2.5/migration/
  model.update_forward_refs()
C:\Users\gomez\Downloads\SIG IA\backend\.venv\Lib\site-packages\pydantic\main.py:1262: PydanticDeprecatedSince20: The `update_forward_refs` method is deprecated; use `model_rebuild` instead. Deprecated in Pydantic V2.0 to be removed in V3.0. See Pydantic V2 Migration Guide at https://errors.pydantic.dev/2.5/migration/
  warnings.warn(
C:\Users\gomez\Downloads\SIG IA\backend\.venv\Lib\site-packages\gotrue\types.py:679: PydanticDeprecatedSince20: The `update_forward_refs` method is deprecated; use `model_rebuild` instead. Deprecated in Pydantic V2.0 to be removed in V3.0. See Pydantic V2 Migration Guide at https://errors.pydantic.dev/2.5/migration/
  model.update_forward_refs()
C:\Users\gomez\Downloads\SIG IA\backend\.venv\Lib\site-packages\pydantic\main.py:1262: PydanticDeprecatedSince20: The `update_forward_refs` method is deprecated; use `model_rebuild` instead. Deprecated in Pydantic V2.0 to be removed in V3.0. See Pydantic V2 Migration Guide at https://errors.pydantic.dev/2.5/migration/
  warnings.warn(
C:\Users\gomez\Downloads\SIG IA\backend\.venv\Lib\site-packages\gotrue\types.py:679: PydanticDeprecatedSince20: The `update_forward_refs` method is deprecated; use `model_rebuild` instead. Deprecated in Pydantic V2.0 to be removed in V3.0. See Pydantic V2 Migration Guide at https://errors.pydantic.dev/2.5/migration/
  model.update_forward_refs()
C:\Users\gomez\Downloads\SIG IA\backend\.venv\Lib\site-packages\pydantic\main.py:1262: PydanticDeprecatedSince20: The `update_forward_refs` method is deprecated; use `model_rebuild` instead. Deprecated in Pydantic V2.0 to be removed in V3.0. See Pydantic V2 Migration Guide at https://errors.pydantic.dev/2.5/migration/
  warnings.warn(
C:\Users\gomez\Downloads\SIG IA\backend\.venv\Lib\site-packages\gotrue\types.py:679: PydanticDeprecatedSince20: The `update_forward_refs` method is deprecated; use `model_rebuild` instead. Deprecated in Pydantic V2.0 to be removed in V3.0. See Pydantic V2 Migration Guide at https://errors.pydantic.dev/2.5/migration/
  model.update_forward_refs()
C:\Users\gomez\Downloads\SIG IA\backend\.venv\Lib\site-packages\pydantic\main.py:1262: PydanticDeprecatedSince20: The `update_forward_refs` method is deprecated; use `model_rebuild` instead. Deprecated in Pydantic V2.0 to be removed in V3.0. See Pydantic V2 Migration Guide at https://errors.pydantic.dev/2.5/migration/
  warnings.warn(
C:\Users\gomez\Downloads\SIG IA\backend\.venv\Lib\site-packages\gotrue\types.py:679: PydanticDeprecatedSince20: The `update_forward_refs` method is deprecated; use `model_rebuild` instead. Deprecated in Pydantic V2.0 to be removed in V3.0. See Pydantic V2 Migration Guide at https://errors.pydantic.dev/2.5/migration/
  model.update_forward_refs()
C:\Users\gomez\Downloads\SIG IA\backend\.venv\Lib\site-packages\pydantic\main.py:1262: PydanticDeprecatedSince20: The `update_forward_refs` method is deprecated; use `model_rebuild` instead. Deprecated in Pydantic V2.0 to be removed in V3.0. See Pydantic V2 Migration Guide at https://errors.pydantic.dev/2.5/migration/
  warnings.warn(
C:\Users\gomez\Downloads\SIG IA\backend\.venv\Lib\site-packages\gotrue\types.py:679: PydanticDeprecatedSince20: The `update_forward_refs` method is deprecated; use `model_rebuild` instead. Deprecated in Pydantic V2.0 to be removed in V3.0. See Pydantic V2 Migration Guide at https://errors.pydantic.dev/2.5/migration/
  model.update_forward_refs()
C:\Users\gomez\Downloads\SIG IA\backend\.venv\Lib\site-packages\pydantic\main.py:1262: PydanticDeprecatedSince20: The `update_forward_refs` method is deprecated; use `model_rebuild` instead. Deprecated in Pydantic V2.0 to be removed in V3.0. See Pydantic V2 Migration Guide at https://errors.pydantic.dev/2.5/migration/
  warnings.warn(
C:\Users\gomez\Downloads\SIG IA\backend\.venv\Lib\site-packages\gotrue\types.py:679: PydanticDeprecatedSince20: The `update_forward_refs` method is deprecated; use `model_rebuild` instead. Deprecated in Pydantic V2.0 to be removed in V3.0. See Pydantic V2 Migration Guide at https://errors.pydantic.dev/2.5/migration/
  model.update_forward_refs()
C:\Users\gomez\Downloads\SIG IA\backend\.venv\Lib\site-packages\pydantic\main.py:1262: PydanticDeprecatedSince20: The `update_forward_refs` method is deprecated; use `model_rebuild` instead. Deprecated in Pydantic V2.0 to be removed in V3.0. See Pydantic V2 Migration Guide at https://errors.pydantic.dev/2.5/migration/
  warnings.warn(
C:\Users\gomez\Downloads\SIG IA\backend\.venv\Lib\site-packages\gotrue\types.py:679: PydanticDeprecatedSince20: The `update_forward_refs` method is deprecated; use `model_rebuild` instead. Deprecated in Pydantic V2.0 to be removed in V3.0. See Pydantic V2 Migration Guide at https://errors.pydantic.dev/2.5/migration/
  model.update_forward_refs()
C:\Users\gomez\Downloads\SIG IA\backend\.venv\Lib\site-packages\pydantic\main.py:1262: PydanticDeprecatedSince20: The `update_forward_refs` method is deprecated; use `model_rebuild` instead. Deprecated in Pydantic V2.0 to be removed in V3.0. See Pydantic V2 Migration Guide at https://errors.pydantic.dev/2.5/migration/
  warnings.warn(
C:\Users\gomez\Downloads\SIG IA\backend\.venv\Lib\site-packages\gotrue\types.py:679: PydanticDeprecatedSince20: The `update_forward_refs` method is deprecated; use `model_rebuild` instead. Deprecated in Pydantic V2.0 to be removed in V3.0. See Pydantic V2 Migration Guide at https://errors.pydantic.dev/2.5/migration/
  model.update_forward_refs()
C:\Users\gomez\Downloads\SIG IA\backend\.venv\Lib\site-packages\pydantic\main.py:1262: PydanticDeprecatedSince20: The `update_forward_refs` method is deprecated; use `model_rebuild` instead. Deprecated in Pydantic V2.0 to be removed in V3.0. See Pydantic V2 Migration Guide at https://errors.pydantic.dev/2.5/migration/
  warnings.warn(
C:\Users\gomez\Downloads\SIG IA\backend\.venv\Lib\site-packages\gotrue\types.py:679: PydanticDeprecatedSince20: The `update_forward_refs` method is deprecated; use `model_rebuild` instead. Deprecated in Pydantic V2.0 to be removed in V3.0. See Pydantic V2 Migration Guide at https://errors.pydantic.dev/2.5/migration/
  model.update_forward_refs()
C:\Users\gomez\Downloads\SIG IA\backend\.venv\Lib\site-packages\pydantic\main.py:1262: PydanticDeprecatedSince20: The `update_forward_refs` method is deprecated; use `model_rebuild` instead. Deprecated in Pydantic V2.0 to be removed in V3.0. See Pydantic V2 Migration Guide at https://errors.pydantic.dev/2.5/migration/
  warnings.warn(
C:\Users\gomez\Downloads\SIG IA\backend\.venv\Lib\site-packages\gotrue\types.py:679: PydanticDeprecatedSince20: The `update_forward_refs` method is deprecated; use `model_rebuild` instead. Deprecated in Pydantic V2.0 to be removed in V3.0. See Pydantic V2 Migration Guide at https://errors.pydantic.dev/2.5/migration/
  model.update_forward_refs()
C:\Users\gomez\Downloads\SIG IA\backend\.venv\Lib\site-packages\pydantic\main.py:1262: PydanticDeprecatedSince20: The `update_forward_refs` method is deprecated; use `model_rebuild` instead. Deprecated in Pydantic V2.0 to be removed in V3.0. See Pydantic V2 Migration Guide at https://errors.pydantic.dev/2.5/migration/
  warnings.warn(
C:\Users\gomez\Downloads\SIG IA\backend\.venv\Lib\site-packages\gotrue\types.py:679: PydanticDeprecatedSince20: The `update_forward_refs` method is deprecated; use `model_rebuild` instead. Deprecated in Pydantic V2.0 to be removed in V3.0. See Pydantic V2 Migration Guide at https://errors.pydantic.dev/2.5/migration/
  model.update_forward_refs()
C:\Users\gomez\Downloads\SIG IA\backend\.venv\Lib\site-packages\pydantic\main.py:1262: PydanticDeprecatedSince20: The `update_forward_refs` method is deprecated; use `model_rebuild` instead. Deprecated in Pydantic V2.0 to be removed in V3.0. See Pydantic V2 Migration Guide at https://errors.pydantic.dev/2.5/migration/
  warnings.warn(
C:\Users\gomez\Downloads\SIG IA\backend\.venv\Lib\site-packages\gotrue\types.py:679: PydanticDeprecatedSince20: The `update_forward_refs` method is deprecated; use `model_rebuild` instead. Deprecated in Pydantic V2.0 to be removed in V3.0. See Pydantic V2 Migration Guide at https://errors.pydantic.dev/2.5/migration/
  model.update_forward_refs()
C:\Users\gomez\Downloads\SIG IA\backend\.venv\Lib\site-packages\pydantic\main.py:1262: PydanticDeprecatedSince20: The `update_forward_refs` method is deprecated; use `model_rebuild` instead. Deprecated in Pydantic V2.0 to be removed in V3.0. See Pydantic V2 Migration Guide at https://errors.pydantic.dev/2.5/migration/
  warnings.warn(
INFO:     Started server process [612]
INFO:     Waiting for application startup.
INFO:     Application startup complete.
ERROR:    [Errno 10048] error while attempting to bind on address ('0.0.0.0', 8000): solo se permite un uso de cada dirección de socket (protocolo/dirección de red/puerto)
INFO:     Waiting for application shutdown.
INFO:     Application shutdown complete.
INFO:     Iniciando la aplicación...
INFO:     Conexión a la base de datos establecida.
INFO:     Apagando la aplicación...
INFO:     Conexión a la base de datos cerrada.
sys:1: DeprecationWarning: builtin type swigvarlink has no __module__ attribute
